(20, 54) (21, 54)
4712760.0
32989320.0
******************************************
Epoch 1:
train_loss = 0.5830935700416565
train_acc = 0.8248941181659698
test_loss = 0.6048890475273132
test_acc = 0.6200941179275513
******************************************
******************************************
Epoch 2:
train_loss = 0.5215715377807617
train_acc = 0.9061000016212464
test_loss = 0.5658031957626343
test_acc = 0.7663921563148498
******************************************
******************************************
Epoch 3:
train_loss = 0.5099772687911988
train_acc = 0.9279882349014282
test_loss = 0.5430048796653748
test_acc = 0.7905823528289795
******************************************
******************************************
Epoch 4:
train_loss = 0.501021870136261
train_acc = 0.9360019596099853
test_loss = 0.5366050158977509
test_acc = 0.7962725487709046
******************************************
******************************************
Epoch 5:
train_loss = 0.4927227213859558
train_acc = 0.9404705905914307
test_loss = 0.5440222946643829
test_acc = 0.7941411759376525
******************************************
******************************************
Epoch 6:
train_loss = 0.48670697264671325
train_acc = 0.9436568663597107
test_loss = 0.5502016160488129
test_acc = 0.7883176459312439
******************************************
******************************************
Epoch 7:
train_loss = 0.48348001766204834
train_acc = 0.9436588264465332
test_loss = 0.5501785025596618
test_acc = 0.7897450969696045
******************************************
******************************************
Epoch 8:
train_loss = 0.48072899370193484
train_acc = 0.9438705925941467
test_loss = 0.5566863507270813
test_acc = 0.7900745079994201
******************************************
******************************************
Epoch 9:
train_loss = 0.47637773780822756
train_acc = 0.9470960817337036
test_loss = 0.5509969117164611
test_acc = 0.794907843208313
******************************************
******************************************
Epoch 10:
train_loss = 0.47353165793418883
train_acc = 0.949780392742157
test_loss = 0.5582771624565125
test_acc = 0.7955588241577148
******************************************
