(20, 54) (21, 54)
4712760.0
32989320.0
******************************************
Epoch 1:
train_loss = 1.0848705271720887
train_loss_cor = 0.5824158026695252
train_loss_ref = 0.5024547240257263
train_acc = 0.8116705888748169
test_loss = 1.2392336231231689
test_loss_cor = 0.6002517831802369
test_loss_ref = 0.6389818357467651
test_acc = 0.6215803912162781
******************************************
******************************************
Epoch 2:
train_loss = 0.956080091381073
train_loss_cor = 0.5231945714950561
train_loss_ref = 0.4328855201721191
train_acc = 0.8889274517059326
test_loss = 1.182023448562622
test_loss_cor = 0.5847977153778077
test_loss_ref = 0.597225733757019
test_acc = 0.680562745475769
******************************************
******************************************
Epoch 3:
train_loss = 0.9310551624298096
train_loss_cor = 0.5134622149467468
train_loss_ref = 0.4175929475784302
train_acc = 0.9044196076393127
test_loss = 1.1346915298461915
test_loss_cor = 0.5719431927680969
test_loss_ref = 0.5627483377456665
test_acc = 0.738654902267456
******************************************
******************************************
Epoch 4:
train_loss = 0.9106313966751098
train_loss_cor = 0.505645177602768
train_loss_ref = 0.40498621954917907
train_acc = 0.9191941168785095
test_loss = 1.0854438353538514
test_loss_cor = 0.5548944137573242
test_loss_ref = 0.5305494207382202
test_acc = 0.7807568629264832
******************************************
******************************************
Epoch 5:
train_loss = 0.8946734383583069
train_loss_cor = 0.49975011377334594
train_loss_ref = 0.3949233241558075
train_acc = 0.9321980380058289
test_loss = 1.0700539540290832
test_loss_cor = 0.5431791949272156
test_loss_ref = 0.5268747593402863
test_acc = 0.7875411758422851
******************************************
******************************************
Epoch 6:
train_loss = 0.8828740056037903
train_loss_cor = 0.4937917340755463
train_loss_ref = 0.38908227100372317
train_acc = 0.936086275100708
test_loss = 1.0810350036621095
test_loss_cor = 0.5493210271835327
test_loss_ref = 0.5317139781951904
test_acc = 0.7840784323692321
******************************************
******************************************
Epoch 7:
train_loss = 0.8734823655128479
train_loss_cor = 0.48940531916618346
train_loss_ref = 0.38407704610824583
train_acc = 0.9395078443527222
test_loss = 1.0849083119392395
test_loss_cor = 0.5501065012931824
test_loss_ref = 0.5348018095016479
test_acc = 0.7799764694213868
******************************************
******************************************
Epoch 8:
train_loss = 0.8703240320205688
train_loss_cor = 0.486435515832901
train_loss_ref = 0.38388851647377015
train_acc = 0.9404235327720643
test_loss = 1.0898027097702025
test_loss_cor = 0.5565833867549896
test_loss_ref = 0.5332193233966828
test_acc = 0.779850981426239
******************************************
******************************************
Epoch 9:
train_loss = 0.8687782209396362
train_loss_cor = 0.48467826132774355
train_loss_ref = 0.3840999596118927
train_acc = 0.940254904460907
test_loss = 1.0845069693565368
test_loss_cor = 0.5513485095977784
test_loss_ref = 0.5331584595203399
test_acc = 0.7808117639541626
******************************************
******************************************
Epoch 10:
train_loss = 0.8671612067222595
train_loss_cor = 0.48323095536231997
train_loss_ref = 0.38393025107383727
train_acc = 0.9405960811614991
test_loss = 1.0835918942451477
test_loss_cor = 0.5489374685764312
test_loss_ref = 0.5346544245243072
test_acc = 0.7811509811401367
******************************************
