(20, 54) (21, 54)
4712760.0
32989320.0
******************************************
Epoch 1:
train_loss = 0.622876395465462
train_acc = 0.7649068775450348
test_loss = 0.6061411374693464
test_acc = 0.6450078844264814
******************************************
******************************************
Epoch 2:
train_loss = 0.5403776032150172
train_acc = 0.8968187991980534
test_loss = 0.6141517629289324
test_acc = 0.5756506027689405
******************************************
******************************************
Epoch 3:
train_loss = 0.5303258178340402
train_acc = 0.8996346953568185
test_loss = 0.6408220172687701
test_acc = 0.5654290781658926
******************************************
******************************************
Epoch 4:
train_loss = 0.5164954305454424
train_acc = 0.9140459124449711
test_loss = 0.6385314536702101
test_acc = 0.5750905453779136
******************************************
******************************************
Epoch 5:
train_loss = 0.5104208083669092
train_acc = 0.9192464416194114
test_loss = 0.667232292852584
test_acc = 0.5710647740181843
******************************************
******************************************
Epoch 6:
train_loss = 0.5047952175899676
train_acc = 0.9172247750743939
test_loss = 0.6961034095970688
test_acc = 0.562455118461779
******************************************
******************************************
Epoch 7:
train_loss = 0.5007134484257668
train_acc = 0.9130253214745006
test_loss = 0.7060875953382747
test_acc = 0.5653939520477489
******************************************
******************************************
Epoch 8:
train_loss = 0.49510136094822244
train_acc = 0.9153318967029547
test_loss = 0.6719251123203593
test_acc = 0.5844690583314106
******************************************
******************************************
Epoch 9:
train_loss = 0.49047362462730165
train_acc = 0.9203724079071336
test_loss = 0.6446551612228345
test_acc = 0.6240184333673708
******************************************
******************************************
Epoch 10:
train_loss = 0.4876544374948854
train_acc = 0.9242674362887243
test_loss = 0.6211753878623817
test_acc = 0.6688600611534847
******************************************
******************************************
Epoch 11:
train_loss = 0.48543448015383095
train_acc = 0.9261329910557741
test_loss = 0.6000024087869438
test_acc = 0.6848968092802983
******************************************
******************************************
Epoch 12:
train_loss = 0.48334083435641734
train_acc = 0.9314213345764549
test_loss = 0.5988371478524178
test_acc = 0.6959964724103357
******************************************
******************************************
Epoch 13:
train_loss = 0.48141574157271416
train_acc = 0.9366296674035917
test_loss = 0.5933434799977928
test_acc = 0.7006388940628926
******************************************
******************************************
Epoch 14:
train_loss = 0.47959526082512677
train_acc = 0.9399021951256284
test_loss = 0.5940662440221021
test_acc = 0.7082689355133446
******************************************
******************************************
Epoch 15:
train_loss = 0.47838045780066474
train_acc = 0.9429971412488609
test_loss = 0.5829887185127113
test_acc = 0.7195305672420818
******************************************
******************************************
Epoch 16:
train_loss = 0.47703909494314983
train_acc = 0.9443026412824157
test_loss = 0.579397503357784
test_acc = 0.7231133686509102
******************************************
******************************************
Epoch 17:
train_loss = 0.475761179521585
train_acc = 0.9444236277015345
test_loss = 0.5740523061175256
test_acc = 0.7287022296790104
******************************************
******************************************
Epoch 18:
train_loss = 0.4742440017545299
train_acc = 0.9450773539816498
test_loss = 0.5718958100695519
test_acc = 0.733965202501625
******************************************
******************************************
Epoch 19:
train_loss = 0.4729112164609751
train_acc = 0.9459593971823431
test_loss = 0.5745662067346512
test_acc = 0.7350287243818782
******************************************
******************************************
Epoch 20:
train_loss = 0.47173605185405465
train_acc = 0.9467048367876916
test_loss = 0.569732689553765
test_acc = 0.7445067581097791
******************************************
******************************************
Epoch 21:
train_loss = 0.46948599302844635
train_acc = 0.9470912176332656
test_loss = 0.5681487693908108
test_acc = 0.7845361889547603
******************************************
******************************************
Epoch 22:
train_loss = 0.46855690733642336
train_acc = 0.9468199694232576
test_loss = 0.5624814842157303
test_acc = 0.7827545423416575
******************************************
******************************************
Epoch 23:
train_loss = 0.4679725481446382
train_acc = 0.9465721409032299
test_loss = 0.565897367562458
test_acc = 0.7861851351276324
******************************************
******************************************
Epoch 24:
train_loss = 0.46755953769015657
train_acc = 0.9459320781337228
test_loss = 0.5673669291909333
test_acc = 0.7838649001850444
******************************************
******************************************
Epoch 25:
train_loss = 0.46719998330067675
train_acc = 0.9454695905090138
test_loss = 0.5742437862286902
test_acc = 0.7767012457179415
******************************************
******************************************
Epoch 26:
train_loss = 0.46676384871173054
train_acc = 0.9453973876442879
test_loss = 0.5748280085575809
test_acc = 0.7782038370515131
******************************************
******************************************
Epoch 27:
train_loss = 0.4665461061107125
train_acc = 0.9454325092066626
test_loss = 0.5796347735034433
test_acc = 0.7792868735683951
******************************************
******************************************
Epoch 28:
train_loss = 0.4661261794293762
train_acc = 0.9453466496649822
test_loss = 0.5749725593123466
test_acc = 0.755934261212683
******************************************
******************************************
Epoch 29:
train_loss = 0.46583526795077473
train_acc = 0.9453622615261442
test_loss = 0.5817269667698319
test_acc = 0.7793981038081418
******************************************
******************************************
Epoch 30:
train_loss = 0.4656105054791566
train_acc = 0.9452139518822834
test_loss = 0.5821968506855569
test_acc = 0.7698420130523147
******************************************
