(20, 54) (21, 54)
4712760.0
32989320.0
******************************************
Epoch 1:
train_loss = 0.6284084358033101
train_acc = 0.762912528530048
test_loss = 0.6266473903777493
test_acc = 0.5918824938452167
******************************************
******************************************
Epoch 2:
train_loss = 0.5264943109196463
train_acc = 0.9034341034615875
test_loss = 0.5996154637853052
test_acc = 0.650149866274208
******************************************
******************************************
Epoch 3:
train_loss = 0.5035351372448502
train_acc = 0.909153708986416
test_loss = 0.5960925456824576
test_acc = 0.6959672031129241
******************************************
******************************************
Epoch 4:
train_loss = 0.4937837364946961
train_acc = 0.9220545310883006
test_loss = 0.5648097866659711
test_acc = 0.7440111003104289
******************************************
******************************************
Epoch 5:
train_loss = 0.4896124656413012
train_acc = 0.9234283270349928
test_loss = 0.5650439702781143
test_acc = 0.7654688859441477
******************************************
******************************************
Epoch 6:
train_loss = 0.48674592470667166
train_acc = 0.9235473635849679
test_loss = 0.5590906158374374
test_acc = 0.784417148608311
******************************************
******************************************
Epoch 7:
train_loss = 0.48467155740519235
train_acc = 0.9245640495020873
test_loss = 0.5534324042356698
test_acc = 0.7982741693022904
******************************************
******************************************
Epoch 8:
train_loss = 0.4833832360376978
train_acc = 0.9253524234340449
test_loss = 0.5444995878608363
test_acc = 0.8027760834450934
******************************************
******************************************
Epoch 9:
train_loss = 0.48252525014482484
train_acc = 0.9263125225237221
test_loss = 0.5600378008405115
test_acc = 0.7999484812378124
******************************************
******************************************
Epoch 10:
train_loss = 0.4819652927908928
train_acc = 0.9273428742293339
test_loss = 0.548742514127379
test_acc = 0.8015096142033863
******************************************
******************************************
Epoch 11:
train_loss = 0.4813134195698295
train_acc = 0.9282736968082986
test_loss = 0.5461895348160131
test_acc = 0.7969159814202862
******************************************
******************************************
Epoch 12:
train_loss = 0.4801693458086366
train_acc = 0.9287439915025311
test_loss = 0.550034841154791
test_acc = 0.7934717243644083
******************************************
******************************************
Epoch 13:
train_loss = 0.4785339532384447
train_acc = 0.9298836175043872
test_loss = 0.532923281572427
test_acc = 0.7993415905411836
******************************************
******************************************
Epoch 14:
train_loss = 0.47581130285171946
train_acc = 0.9347563082245505
test_loss = 0.5477340551698284
test_acc = 0.7908177987025802
******************************************
******************************************
Epoch 15:
train_loss = 0.4724587315966369
train_acc = 0.9433132713767374
test_loss = 0.5378281595600638
test_acc = 0.7937254123627
******************************************
******************************************
Epoch 16:
train_loss = 0.4678525165387779
train_acc = 0.9518624323948174
test_loss = 0.5412703600658733
test_acc = 0.7841712733742537
******************************************
******************************************
Epoch 17:
train_loss = 0.46437356919999334
train_acc = 0.9552383859446094
test_loss = 0.5422578279379826
test_acc = 0.776818332398773
******************************************
******************************************
Epoch 18:
train_loss = 0.46244869148655304
train_acc = 0.9563175177877876
test_loss = 0.54893983131761
test_acc = 0.7710109113887617
******************************************
******************************************
Epoch 19:
train_loss = 0.460515447672765
train_acc = 0.9574512938025651
test_loss = 0.5579249718386656
test_acc = 0.7619095023270626
******************************************
******************************************
Epoch 20:
train_loss = 0.4584562643698067
train_acc = 0.9577947425994144
test_loss = 0.5636569390631025
test_acc = 0.7556688675455226
******************************************
******************************************
Epoch 21:
train_loss = 0.4570159885534056
train_acc = 0.9577908367867682
test_loss = 0.5728106942905742
test_acc = 0.7497521714799723
******************************************
******************************************
Epoch 22:
train_loss = 0.4556362870012879
train_acc = 0.9578103514233972
test_loss = 0.5731828653129043
test_acc = 0.7468074822122124
******************************************
******************************************
Epoch 23:
train_loss = 0.45456448387188514
train_acc = 0.9577127782402525
test_loss = 0.5872406249593018
test_acc = 0.7403736589061227
******************************************
******************************************
Epoch 24:
train_loss = 0.45302879297809234
train_acc = 0.9576210630167822
test_loss = 0.5857521891593933
test_acc = 0.7347926053271931
******************************************
******************************************
Epoch 25:
train_loss = 0.45172528742225304
train_acc = 0.9575722783234468
test_loss = 0.5938917387063336
test_acc = 0.7341291190712316
******************************************
******************************************
Epoch 26:
train_loss = 0.44927740419746204
train_acc = 0.9580367173358892
test_loss = 0.6068082072172954
test_acc = 0.7196652145142768
******************************************
******************************************
Epoch 27:
train_loss = 0.44810085881287887
train_acc = 0.9583255265169083
test_loss = 0.6190890688805064
test_acc = 0.7158131155238789
******************************************
******************************************
Epoch 28:
train_loss = 0.4467755366282858
train_acc = 0.9585831138738401
test_loss = 0.6169355405364066
test_acc = 0.7050920288274243
******************************************
******************************************
Epoch 29:
train_loss = 0.44620248941099566
train_acc = 0.9588621661161921
test_loss = 0.6294021678578322
test_acc = 0.708973397494881
******************************************
******************************************
Epoch 30:
train_loss = 0.4452254265356975
train_acc = 0.9591587816074396
test_loss = 0.6265324475658927
test_acc = 0.7044753796735387
******************************************
******************************************
Epoch 31:
train_loss = 0.44470038877171314
train_acc = 0.9595510169958613
test_loss = 0.6333910822868347
test_acc = 0.698207428121263
******************************************
******************************************
Epoch 32:
train_loss = 0.4438240459770154
train_acc = 0.959607607999425
test_loss = 0.6298990025641812
test_acc = 0.7034333219194109
******************************************
******************************************
Epoch 33:
train_loss = 0.44337412790887676
train_acc = 0.9597793323978497
test_loss = 0.6431342587349521
test_acc = 0.6986211272561627
******************************************
******************************************
Epoch 34:
train_loss = 0.4428012545701045
train_acc = 0.9599178854826909
test_loss = 0.647481913779192
test_acc = 0.6932664388304304
******************************************
******************************************
Epoch 35:
train_loss = 0.4424566127312411
train_acc = 0.9602184010918733
test_loss = 0.6487501464831601
test_acc = 0.6962677179628117
******************************************
