(20, 54) (21, 54)
4712760.0
32989320.0
******************************************
Epoch 1:
train_loss = 0.6243869540797677
train_acc = 0.7663099494329684
test_loss = 0.5979610081690891
test_acc = 0.666346636167757
******************************************
******************************************
Epoch 2:
train_loss = 0.5402858693888233
train_acc = 0.8984794586327425
test_loss = 0.6243428101964817
test_acc = 0.5672380407904364
******************************************
******************************************
Epoch 3:
train_loss = 0.5267653947423219
train_acc = 0.9027686745497832
test_loss = 0.624984591250207
test_acc = 0.5717263035713487
******************************************
******************************************
Epoch 4:
train_loss = 0.5111409547222647
train_acc = 0.9049405987095681
test_loss = 0.6037627200412142
test_acc = 0.6263659911550534
******************************************
******************************************
Epoch 5:
train_loss = 0.500754743434821
train_acc = 0.9168091180977548
test_loss = 0.603148083777944
test_acc = 0.6668032673513813
******************************************
******************************************
Epoch 6:
train_loss = 0.4941861650366692
train_acc = 0.923451744826736
test_loss = 0.5862439540541096
test_acc = 0.6924195236461178
******************************************
******************************************
Epoch 7:
train_loss = 0.4902812665814807
train_acc = 0.9288005809875051
test_loss = 0.5807483287373926
test_acc = 0.7163536590375718
******************************************
******************************************
Epoch 8:
train_loss = 0.4881296900047618
train_acc = 0.9315481747791265
test_loss = 0.5678487932606108
test_acc = 0.7308565936270793
******************************************
******************************************
Epoch 9:
train_loss = 0.4863003040574918
train_acc = 0.9333825103796212
test_loss = 0.5719821194934237
test_acc = 0.7378192532594037
******************************************
******************************************
Epoch 10:
train_loss = 0.4844562642893214
train_acc = 0.9353846664641313
test_loss = 0.5639014980595582
test_acc = 0.7464328058965647
******************************************
******************************************
Epoch 11:
train_loss = 0.48306313992305927
train_acc = 0.9369418943763539
test_loss = 0.5614875991632984
test_acc = 0.7526305093886746
******************************************
******************************************
Epoch 12:
train_loss = 0.4817227797143778
train_acc = 0.9389577090360557
test_loss = 0.563251788828783
test_acc = 0.7583949987296086
******************************************
******************************************
Epoch 13:
train_loss = 0.4809643776173804
train_acc = 0.9404973744586774
test_loss = 0.5563388740181163
test_acc = 0.7637067585234429
******************************************
******************************************
Epoch 14:
train_loss = 0.48004394484933016
train_acc = 0.9420194827067624
test_loss = 0.559624677251099
test_acc = 0.7655840204779509
******************************************
******************************************
Epoch 15:
train_loss = 0.4795568289270826
train_acc = 0.942764924210348
test_loss = 0.5548443953702404
test_acc = 0.7706655093059418
******************************************
******************************************
Epoch 16:
train_loss = 0.47905955553814106
train_acc = 0.943227409177525
test_loss = 0.5504805392520443
test_acc = 0.7743400297347148
******************************************
******************************************
Epoch 17:
train_loss = 0.47855307361122906
train_acc = 0.9437972242665139
test_loss = 0.550546843534822
test_acc = 0.7737565568298291
******************************************
******************************************
Epoch 18:
train_loss = 0.4782710959956904
train_acc = 0.9439552878118624
test_loss = 0.5476753502894359
test_acc = 0.7774037544135075
******************************************
******************************************
Epoch 19:
train_loss = 0.47786097845454123
train_acc = 0.9442967863599206
test_loss = 0.5537526596124005
test_acc = 0.7763519404800074
******************************************
******************************************
Epoch 20:
train_loss = 0.4774316017794761
train_acc = 0.9443572816575408
test_loss = 0.550268842536173
test_acc = 0.7773705819609819
******************************************
******************************************
Epoch 21:
train_loss = 0.47716227686329254
train_acc = 0.9442928816862167
test_loss = 0.552623246885409
test_acc = 0.7765431817929456
******************************************
******************************************
Epoch 22:
train_loss = 0.4769426984771801
train_acc = 0.9442128751687943
test_loss = 0.5503636970641507
test_acc = 0.7768924824751107
******************************************
******************************************
Epoch 23:
train_loss = 0.47676700087869245
train_acc = 0.944166041483545
test_loss = 0.5529576881675963
test_acc = 0.7770212759637529
******************************************
******************************************
Epoch 24:
train_loss = 0.47642425670745264
train_acc = 0.9441992143157182
test_loss = 0.5456545557945397
test_acc = 0.7768651653247275
******************************************
******************************************
Epoch 25:
train_loss = 0.47639032097379114
train_acc = 0.9442265333643385
test_loss = 0.5529825338132822
test_acc = 0.7763695041085504
******************************************
******************************************
Epoch 26:
train_loss = 0.4760001096755836
train_acc = 0.9443280116008346
test_loss = 0.5493975406999041
test_acc = 0.7775403564902628
******************************************
******************************************
Epoch 27:
train_loss = 0.4757500002338628
train_acc = 0.9441601884592871
test_loss = 0.5518950565605406
test_acc = 0.7755245403119713
******************************************
******************************************
Epoch 28:
train_loss = 0.4753122608752767
train_acc = 0.9446792644300278
test_loss = 0.5481688395427291
test_acc = 0.7757216319916355
******************************************
******************************************
Epoch 29:
train_loss = 0.47512345993594757
train_acc = 0.9447319526581248
test_loss = 0.5514854177547868
test_acc = 0.7766251381795117
******************************************
******************************************
Epoch 30:
train_loss = 0.47452905963940223
train_acc = 0.94519249041369
test_loss = 0.5500550425736008
test_acc = 0.777920883552284
******************************************
