{'batch_size': 64,
 'epochs': 30,
 'input_dir': './data/SpectralMethodsMeetEM/bluebird',
 'k_p': 5,
 'k_q': 5,
 'lr': 0.003,
 'nIter': 2,
 'num_workers': 0,
 'output_dir': './output_1/bluebird',
 'p': 15,
 'q': 50,
 'runs': 10000,
 'train_percent': 0.5,
 'weight_decay': 0.0001}
******************************************
Epoch 1:
train_loss = 0.6277787385472826
train_acc = 0.7656986436266808
test_loss = 0.6046633067404389
test_acc = 0.6243511149837713
******************************************
******************************************
Epoch 2:
train_loss = 0.540131988039442
train_acc = 0.8645143303901527
test_loss = 0.6065109269634174
test_acc = 0.616250001321173
******************************************
******************************************
Epoch 3:
train_loss = 0.511656885693787
train_acc = 0.8817695105911061
test_loss = 0.525216356584221
test_acc = 0.7832364656363323
******************************************
******************************************
Epoch 4:
train_loss = 0.4990198853289246
train_acc = 0.901622214135091
test_loss = 0.5124363597411259
test_acc = 0.787298965985608
******************************************
******************************************
Epoch 5:
train_loss = 0.4935145755861975
train_acc = 0.909840764513441
test_loss = 0.510921769271231
test_acc = 0.7892515925085468
******************************************
******************************************
Epoch 6:
train_loss = 0.490431085893303
train_acc = 0.9108558915982581
test_loss = 0.5141196934280882
test_acc = 0.7859156029239581
******************************************
******************************************
Epoch 7:
train_loss = 0.4886900843328731
train_acc = 0.9118093138287782
test_loss = 0.5214294324255293
test_acc = 0.7828702239473914
******************************************
******************************************
Epoch 8:
train_loss = 0.4869059578628297
train_acc = 0.9135071631449803
test_loss = 0.5116472566963002
test_acc = 0.7828184719298296
******************************************
******************************************
Epoch 9:
train_loss = 0.4848395221552272
train_acc = 0.9152010379323534
test_loss = 0.5075275673987759
test_acc = 0.7862977685442396
******************************************
******************************************
Epoch 10:
train_loss = 0.4838203243009604
train_acc = 0.9169984072636647
test_loss = 0.513485113906253
test_acc = 0.7846496818931239
******************************************
******************************************
Epoch 11:
train_loss = 0.4828380169762168
train_acc = 0.9178761927185545
test_loss = 0.5166093355910794
test_acc = 0.7836683916438157
******************************************
******************************************
Epoch 12:
train_loss = 0.4819652565345643
train_acc = 0.9185569259771116
test_loss = 0.5180805857014504
test_acc = 0.7824820845749727
******************************************
******************************************
Epoch 13:
train_loss = 0.48179481800194757
train_acc = 0.9183777863053
test_loss = 0.5101652709162159
test_acc = 0.7862241233989691
******************************************
******************************************
Epoch 14:
train_loss = 0.4810025513551797
train_acc = 0.9189629771147564
test_loss = 0.5093144580816767
test_acc = 0.7888913219142112
******************************************
******************************************
Epoch 15:
train_loss = 0.4807542697259575
train_acc = 0.9192515934348866
test_loss = 0.5096909468341025
test_acc = 0.790449841386953
******************************************
******************************************
Epoch 16:
train_loss = 0.48068143190092344
train_acc = 0.919327229451222
test_loss = 0.5245401506211348
test_acc = 0.7844585992728069
******************************************
******************************************
Epoch 17:
train_loss = 0.48030530191530846
train_acc = 0.9197253193824914
test_loss = 0.5175990297156534
test_acc = 0.7856867047631817
******************************************
******************************************
Epoch 18:
train_loss = 0.47964610890218407
train_acc = 0.9195342348639373
test_loss = 0.5151501630142237
test_acc = 0.7858957002876671
******************************************
******************************************
Epoch 19:
train_loss = 0.47913244822222717
train_acc = 0.9197113832850365
test_loss = 0.5122141671028866
test_acc = 0.7868232487872907
******************************************
******************************************
Epoch 20:
train_loss = 0.47890179172442976
train_acc = 0.9197591573569426
test_loss = 0.5170627891258069
test_acc = 0.785973329452952
******************************************
******************************************
Epoch 21:
train_loss = 0.47852489542049964
train_acc = 0.919972133864263
test_loss = 0.5134742605458399
test_acc = 0.7878682328637239
******************************************
******************************************
Epoch 22:
train_loss = 0.478249412433357
train_acc = 0.9201492826650097
test_loss = 0.513985041030653
test_acc = 0.7858479296325878
******************************************
******************************************
Epoch 23:
train_loss = 0.4779988477943809
train_acc = 0.9205593147854896
test_loss = 0.5213012243532071
test_acc = 0.7845203026085142
******************************************
******************************************
Epoch 24:
train_loss = 0.47750175473796336
train_acc = 0.9206548591328275
test_loss = 0.5209565046866229
test_acc = 0.7832105865903721
******************************************
******************************************
Epoch 25:
train_loss = 0.4773264115403412
train_acc = 0.9209992038975855
test_loss = 0.5184346317865287
test_acc = 0.7850796200667217
******************************************
******************************************
Epoch 26:
train_loss = 0.47693328417030867
train_acc = 0.9210171171814013
test_loss = 0.5178681429784009
test_acc = 0.7855772296334528
******************************************
******************************************
Epoch 27:
train_loss = 0.47686973973444313
train_acc = 0.921441081602862
test_loss = 0.519957636192346
test_acc = 0.7825238848947416
******************************************
******************************************
Epoch 28:
train_loss = 0.47665907414096176
train_acc = 0.9214231694579884
test_loss = 0.518475942361127
test_acc = 0.7835449845927536
******************************************
******************************************
Epoch 29:
train_loss = 0.47622778537167104
train_acc = 0.9217476108271605
test_loss = 0.5163622652269473
test_acc = 0.783964968031379
******************************************
******************************************
Epoch 30:
train_loss = 0.4760740818871055
train_acc = 0.9221158441464612
test_loss = 0.5208384265565569
test_acc = 0.7834972139376744
******************************************
