(20, 54) (21, 54)
4712760.0
32989320.0
******************************************
Epoch 1:
train_loss = 0.5855759913754311
train_acc = 0.8403662423229521
test_loss = 0.58349248709952
test_acc = 0.7040363121184574
******************************************
******************************************
Epoch 2:
train_loss = 0.5203099284961725
train_acc = 0.9059592409498373
test_loss = 0.5738028952270556
test_acc = 0.7135670333151605
******************************************
******************************************
Epoch 3:
train_loss = 0.5101098412541067
train_acc = 0.916738868139352
test_loss = 0.5933111571961907
test_acc = 0.7056267151407375
******************************************
******************************************
Epoch 4:
train_loss = 0.5025788556997943
train_acc = 0.9193674272792355
test_loss = 0.5871957111510502
test_acc = 0.6924858708290538
******************************************
******************************************
Epoch 5:
train_loss = 0.4993698885486384
train_acc = 0.9202221487737765
test_loss = 0.5738537133119668
test_acc = 0.7265966492853347
******************************************
******************************************
Epoch 6:
train_loss = 0.49461591072902555
train_acc = 0.9259515131355092
test_loss = 0.5606474268967938
test_acc = 0.7450453502357386
******************************************
******************************************
Epoch 7:
train_loss = 0.49157362151297795
train_acc = 0.9303402486880115
test_loss = 0.5602168372482251
test_acc = 0.7496506955213608
******************************************
******************************************
Epoch 8:
train_loss = 0.49115990130764664
train_acc = 0.9308261514469317
test_loss = 0.5543405846425682
test_acc = 0.7545682696779822
******************************************
******************************************
Epoch 9:
train_loss = 0.49047571534563783
train_acc = 0.9315774482526596
test_loss = 0.5488796112643686
test_acc = 0.7604713052701039
******************************************
******************************************
Epoch 10:
train_loss = 0.4904863238334656
train_acc = 0.9317491730307318
test_loss = 0.5587348125542805
test_acc = 0.7644151210025617
******************************************
******************************************
Epoch 11:
train_loss = 0.4901588547761273
train_acc = 0.9319677326329954
test_loss = 0.5466754109996139
test_acc = 0.7596126802408012
******************************************
******************************************
Epoch 12:
train_loss = 0.48807464948125706
train_acc = 0.9320028576121968
test_loss = 0.5380969339874899
test_acc = 0.7771773919178422
******************************************
******************************************
Epoch 13:
train_loss = 0.4861150532011773
train_acc = 0.9340089141942893
test_loss = 0.5423405553884567
test_acc = 0.775298177816306
******************************************
******************************************
Epoch 14:
train_loss = 0.48552334536412717
train_acc = 0.9344421275861704
test_loss = 0.5487322082185442
test_acc = 0.7807309232699643
******************************************
******************************************
Epoch 15:
train_loss = 0.4852637534688233
train_acc = 0.9349885260223583
test_loss = 0.5468687771991559
test_acc = 0.779622518712548
******************************************
******************************************
Epoch 16:
train_loss = 0.48551075075082717
train_acc = 0.9350158450709787
test_loss = 0.5323491810233729
test_acc = 0.7786116858196866
******************************************
******************************************
Epoch 17:
train_loss = 0.48527531126502216
train_acc = 0.935103658278277
test_loss = 0.5301609669521357
test_acc = 0.7735204351176123
******************************************
******************************************
Epoch 18:
train_loss = 0.4854272167394116
train_acc = 0.9351680571106589
test_loss = 0.5338939234709285
test_acc = 0.7796908165239225
******************************************
******************************************
Epoch 19:
train_loss = 0.4843960582830344
train_acc = 0.9353905153122677
test_loss = 0.540006235906273
test_acc = 0.7803952754682796
******************************************
******************************************
Epoch 20:
train_loss = 0.4848251234573923
train_acc = 0.9347836261342286
test_loss = 0.541772259268791
test_acc = 0.7827799126600764
******************************************
******************************************
Epoch 21:
train_loss = 0.48457111105038103
train_acc = 0.9326800001654655
test_loss = 0.5438725868607782
test_acc = 0.7872525601629998
******************************************
******************************************
Epoch 22:
train_loss = 0.48421010204181547
train_acc = 0.9315696438406683
test_loss = 0.5395634880491124
test_acc = 0.7809104532193226
******************************************
******************************************
Epoch 23:
train_loss = 0.4839310803610808
train_acc = 0.9324321693675534
test_loss = 0.5465940962171858
test_acc = 0.7867705594202515
******************************************
******************************************
Epoch 24:
train_loss = 0.4839835958496021
train_acc = 0.9347836287917605
test_loss = 0.5349206256259019
test_acc = 0.7864407688189464
******************************************
******************************************
Epoch 25:
train_loss = 0.4826565527232589
train_acc = 0.9368853052710272
test_loss = 0.5452821941892053
test_acc = 0.7837263474798506
******************************************
******************************************
Epoch 26:
train_loss = 0.48161508494122013
train_acc = 0.9389538058809414
test_loss = 0.5382479501378005
test_acc = 0.7830765258734393
******************************************
******************************************
Epoch 27:
train_loss = 0.4814344012433556
train_acc = 0.9403685855258043
test_loss = 0.5475821552003265
test_acc = 0.7864739454475937
******************************************
******************************************
Epoch 28:
train_loss = 0.48115380554442194
train_acc = 0.9411296362330199
test_loss = 0.5323526255644051
test_acc = 0.7840756527177847
******************************************
******************************************
Epoch 29:
train_loss = 0.4808605398721756
train_acc = 0.9419667944786655
test_loss = 0.5333571737738931
test_acc = 0.78521332695226
******************************************
******************************************
Epoch 30:
train_loss = 0.4815997578156222
train_acc = 0.9417482356356967
test_loss = 0.5364742157565561
test_acc = 0.7875745452133713
******************************************
