(20, 54) (21, 54)
4712760.0
32989320.0
******************************************
Epoch 1:
train_loss = 1.3856331396706496
train_loss_cor = 0.6917141577865504
train_loss_ref = 0.6939189886745019
train_acc = 0.5178781977937191
test_loss = 1.3539089492604703
test_loss_cor = 0.6599734470814089
test_loss_ref = 0.6939354953886587
test_acc = 0.38731307357172423
******************************************
******************************************
Epoch 2:
train_loss = 1.2656331726267367
train_loss_cor = 0.6426437670671488
train_loss_ref = 0.6229894078230556
train_acc = 0.7507426618020746
test_loss = 1.1940422963492479
test_loss_cor = 0.6320383397838737
test_loss_ref = 0.5620039595833307
test_acc = 0.7327520055106923
******************************************
******************************************
Epoch 3:
train_loss = 1.095355887956257
train_loss_cor = 0.6069719934765296
train_loss_ref = 0.4883838993839071
train_acc = 0.8058916571774061
test_loss = 1.2035218356530877
test_loss_cor = 0.6152952773661553
test_loss_ref = 0.588226556023465
test_acc = 0.7007108640067184
******************************************
******************************************
Epoch 4:
train_loss = 1.0104148448268069
train_loss_cor = 0.5642627538005008
train_loss_ref = 0.4461520925352845
train_acc = 0.8791515419754801
test_loss = 1.2167896545386012
test_loss_cor = 0.6036912104751491
test_loss_ref = 0.6130984372730497
test_acc = 0.6382380075092557
******************************************
******************************************
Epoch 5:
train_loss = 0.9750153097925307
train_loss_cor = 0.5431351601322995
train_loss_ref = 0.43188014852849743
train_acc = 0.8988873649247086
test_loss = 1.2287620094758045
test_loss_cor = 0.6001332824743246
test_loss_ref = 0.6286287224745448
test_acc = 0.6117173961446255
******************************************
******************************************
Epoch 6:
train_loss = 0.9615124305592307
train_loss_cor = 0.5344457151014593
train_loss_ref = 0.4270667154577714
train_acc = 0.9051369730430313
test_loss = 1.23523293718507
test_loss_cor = 0.5992246466346934
test_loss_ref = 0.6360082897958876
test_acc = 0.6148741924310033
******************************************
******************************************
Epoch 7:
train_loss = 0.9576876291745826
train_loss_cor = 0.5300438977495024
train_loss_ref = 0.4276437321795693
train_acc = 0.9041868319994286
test_loss = 1.2382882320428197
test_loss_cor = 0.6008179482025436
test_loss_ref = 0.6374702876127218
test_acc = 0.6192816956133782
******************************************
******************************************
Epoch 8:
train_loss = 0.9573080856588823
train_loss_cor = 0.5269021708754045
train_loss_ref = 0.43040591516072235
train_acc = 0.8972721182847325
test_loss = 1.2344358435159997
test_loss_cor = 0.6012491825260694
test_loss_ref = 0.6331866602354412
test_acc = 0.6326399226731891
******************************************
******************************************
Epoch 9:
train_loss = 0.956650132619882
train_loss_cor = 0.524735100661652
train_loss_ref = 0.43191502856302866
train_acc = 0.893217531940605
test_loss = 1.2391858583764186
test_loss_cor = 0.5999606900577303
test_loss_ref = 0.6392251683186881
test_acc = 0.6193805842459956
******************************************
******************************************
Epoch 10:
train_loss = 0.9495459719549252
train_loss_cor = 0.5220268285727199
train_loss_ref = 0.4275191437594498
train_acc = 0.8958449688138841
test_loss = 1.2465270546418201
test_loss_cor = 0.600848558582837
test_loss_ref = 0.645678499831429
test_acc = 0.6115855355805988
******************************************
******************************************
Epoch 11:
train_loss = 0.9412105528614189
train_loss_cor = 0.5198409278181535
train_loss_ref = 0.4213696257977546
train_acc = 0.9054084488108188
test_loss = 1.2481029999407032
test_loss_cor = 0.6084616455850722
test_loss_ref = 0.6396413528466527
test_acc = 0.6252191134645969
******************************************
******************************************
Epoch 12:
train_loss = 0.9348390532445304
train_loss_cor = 0.5179572648639921
train_loss_ref = 0.41688178838053835
train_acc = 0.9116173386573792
test_loss = 1.2348839270917675
test_loss_cor = 0.6043981140172934
test_loss_ref = 0.6304858160924308
test_acc = 0.6416682163371316
******************************************
******************************************
Epoch 13:
train_loss = 0.9315212482138525
train_loss_cor = 0.5164518363868134
train_loss_ref = 0.415069409186327
train_acc = 0.9127032145669188
test_loss = 1.2166836125941216
test_loss_cor = 0.5952465662473365
test_loss_ref = 0.6214370448378068
test_acc = 0.6552106594737572
******************************************
******************************************
Epoch 14:
train_loss = 0.9296579760841176
train_loss_cor = 0.5150665580471859
train_loss_ref = 0.41459141652795334
train_acc = 0.9101843645301047
test_loss = 1.2144786406166945
test_loss_cor = 0.5965332366243193
test_loss_ref = 0.6179454002199294
test_acc = 0.6594649711741677
******************************************
******************************************
Epoch 15:
train_loss = 0.9266577740258808
train_loss_cor = 0.5130699872970581
train_loss_ref = 0.4135877878605565
train_acc = 0.910486863383764
test_loss = 1.2062904578220994
test_loss_cor = 0.5925629282299476
test_loss_ref = 0.6137275265741952
test_acc = 0.6645957450323468
******************************************
******************************************
Epoch 16:
train_loss = 0.923828055586996
train_loss_cor = 0.5118214623837531
train_loss_ref = 0.412006593957732
train_acc = 0.911956670163553
test_loss = 1.199143548555012
test_loss_cor = 0.5961705793308306
test_loss_ref = 0.602972967715203
test_acc = 0.681366732603387
******************************************
******************************************
Epoch 17:
train_loss = 0.9214251818536203
train_loss_cor = 0.5107952092267289
train_loss_ref = 0.41062997149515756
train_acc = 0.913346987736376
test_loss = 1.1756618249265454
test_loss_cor = 0.5837932772274259
test_loss_ref = 0.5918685492080978
test_acc = 0.6962684589096263
******************************************
******************************************
Epoch 18:
train_loss = 0.9185123519052433
train_loss_cor = 0.5097593016262296
train_loss_ref = 0.40875305141074747
train_acc = 0.9150824478909939
test_loss = 1.1652026251901555
test_loss_cor = 0.580554796925074
test_loss_ref = 0.5846478229836573
test_acc = 0.7071873440018183
******************************************
******************************************
Epoch 19:
train_loss = 0.9160173422173609
train_loss_cor = 0.5086537825910351
train_loss_ref = 0.4073635615125487
train_acc = 0.9156835592245753
test_loss = 1.1504630982121336
test_loss_cor = 0.5746060225028026
test_loss_ref = 0.5758570742003525
test_acc = 0.7194655152815806
******************************************
******************************************
Epoch 20:
train_loss = 0.913498844526991
train_loss_cor = 0.5077342074128646
train_loss_ref = 0.4057646363596373
train_acc = 0.9177215189873418
test_loss = 1.1464455112626282
test_loss_cor = 0.5772666455824164
test_loss_ref = 0.5691788686981684
test_acc = 0.7294710987730871
******************************************
******************************************
Epoch 21:
train_loss = 0.9116099793699723
train_loss_cor = 0.5068554319912875
train_loss_ref = 0.4047545439834836
train_acc = 0.9193173707286014
test_loss = 1.1322898985464362
test_loss_cor = 0.5690117244479023
test_loss_ref = 0.5632781680626205
test_acc = 0.7374968951261496
******************************************
******************************************
Epoch 22:
train_loss = 0.9094206200370306
train_loss_cor = 0.5058531912067269
train_loss_ref = 0.4035674299620375
train_acc = 0.921050895618487
test_loss = 1.1213527691515186
test_loss_cor = 0.5625947366786909
test_loss_ref = 0.5587580400177196
test_acc = 0.7441789190980452
******************************************
******************************************
Epoch 23:
train_loss = 0.9078959226608276
train_loss_cor = 0.5049386812916284
train_loss_ref = 0.4029572425009329
train_acc = 0.9212700136100189
test_loss = 1.1227786450446406
test_loss_cor = 0.5654731392860413
test_loss_ref = 0.557305499722686
test_acc = 0.7464069105401824
******************************************
******************************************
Epoch 24:
train_loss = 0.9056586276126813
train_loss_cor = 0.5034442283684695
train_loss_ref = 0.4022143988669673
train_acc = 0.9231993835183638
test_loss = 1.1197694645652287
test_loss_cor = 0.5621273864673663
test_loss_ref = 0.5576420856427543
test_acc = 0.7452667385716981
******************************************
******************************************
Epoch 25:
train_loss = 0.9032533500767961
train_loss_cor = 0.5018740692470647
train_loss_ref = 0.4013792808297314
train_acc = 0.9245644860629794
test_loss = 1.1233776521079148
test_loss_cor = 0.5639823622341398
test_loss_ref = 0.5593952921372426
test_acc = 0.7430542609359645
******************************************
******************************************
Epoch 26:
train_loss = 0.9009293808212763
train_loss_cor = 0.500237699928163
train_loss_ref = 0.40069168013862416
train_acc = 0.925357565095153
test_loss = 1.1196396773374533
test_loss_cor = 0.5629112562046775
test_loss_ref = 0.5567284249052217
test_acc = 0.745206628419176
******************************************
******************************************
Epoch 27:
train_loss = 0.8986094209212291
train_loss_cor = 0.4987971616696708
train_loss_ref = 0.3998122547246233
train_acc = 0.9261157429670985
test_loss = 1.1165603489815434
test_loss_cor = 0.5621394733839398
test_loss_ref = 0.554420877106582
test_acc = 0.7485282466381411
******************************************
******************************************
Epoch 28:
train_loss = 0.8965445975714093
train_loss_cor = 0.49756266950051997
train_loss_ref = 0.3989819307116014
train_acc = 0.9273955195764952
test_loss = 1.1123316589790055
test_loss_cor = 0.5610228543040119
test_loss_ref = 0.5513087986390802
test_acc = 0.7517277047603945
******************************************
******************************************
Epoch 29:
train_loss = 0.8947807150551036
train_loss_cor = 0.4964543675320058
train_loss_ref = 0.3983263494093207
train_acc = 0.9281246118907687
test_loss = 1.1027765515484387
test_loss_cor = 0.5553507457805585
test_loss_ref = 0.5474258012409452
test_acc = 0.7578551603268974
******************************************
******************************************
Epoch 30:
train_loss = 0.892585312263875
train_loss_cor = 0.495434050318561
train_loss_ref = 0.39715125855011274
train_acc = 0.9292977437188353
test_loss = 1.1108803462378587
test_loss_cor = 0.5628542002243332
test_loss_ref = 0.5480261460135255
test_acc = 0.759032173247277
******************************************
******************************************
Epoch 31:
train_loss = 0.8901797880100298
train_loss_cor = 0.49415512024601804
train_loss_ref = 0.396024668518501
train_acc = 0.9319290639478949
test_loss = 1.0942260902139205
test_loss_cor = 0.5518615328812901
test_loss_ref = 0.5423645565781412
test_acc = 0.7654931409449517
******************************************
******************************************
Epoch 32:
train_loss = 0.8878708323345909
train_loss_cor = 0.4930237663697593
train_loss_ref = 0.39484706747380993
train_acc = 0.9338254687152331
test_loss = 1.0981836394418645
test_loss_cor = 0.5558187629603133
test_loss_ref = 0.5423648810084862
test_acc = 0.7666546460948412
******************************************
******************************************
Epoch 33:
train_loss = 0.8854336534874349
train_loss_cor = 0.4919658801223658
train_loss_ref = 0.39346777600578114
train_acc = 0.9358983288837385
test_loss = 1.0950366152992732
test_loss_cor = 0.5540559125851982
test_loss_ref = 0.5409807019595858
test_acc = 0.7687333241293702
******************************************
******************************************
Epoch 34:
train_loss = 0.882981530473202
train_loss_cor = 0.4908288351342648
train_loss_ref = 0.3921526964706711
train_acc = 0.9374786721000189
test_loss = 1.0907820206654222
test_loss_cor = 0.5520070165018492
test_loss_ref = 0.5387750011456164
test_acc = 0.7718261336978478
******************************************
******************************************
Epoch 35:
train_loss = 0.8812004599390151
train_loss_cor = 0.4898482134825067
train_loss_ref = 0.3913522434385517
train_acc = 0.9379886434048037
test_loss = 1.0909322032445594
test_loss_cor = 0.5534300555156756
test_loss_ref = 0.5375021507468405
test_acc = 0.7738447023343437
******************************************
******************************************
Epoch 36:
train_loss = 0.8797293373301059
train_loss_cor = 0.48904492734353755
train_loss_ref = 0.3906844081003455
train_acc = 0.9383396144154705
test_loss = 1.0817218204087848
test_loss_cor = 0.546802087675167
test_loss_ref = 0.5349197304701503
test_acc = 0.776126980027066
******************************************
******************************************
Epoch 37:
train_loss = 0.8785411624968806
train_loss_cor = 0.48834700561776945
train_loss_ref = 0.3901941591425787
train_acc = 0.9382911399949955
test_loss = 1.0866967334023006
test_loss_cor = 0.5508268520801882
test_loss_ref = 0.5358698790586447
test_acc = 0.7760688126841678
******************************************
******************************************
Epoch 38:
train_loss = 0.8771655853790573
train_loss_cor = 0.4875281400318387
train_loss_ref = 0.3896374464789523
train_acc = 0.938364820389808
test_loss = 1.0840685865547084
test_loss_cor = 0.5491017646427396
test_loss_ref = 0.5349668211574796
test_acc = 0.7761444358886043
******************************************
******************************************
Epoch 39:
train_loss = 0.8760119412518754
train_loss_cor = 0.4868739790554288
train_loss_ref = 0.3891379648371588
train_acc = 0.9384404466122012
test_loss = 1.0849636747867246
test_loss_cor = 0.5494534335558927
test_loss_ref = 0.535510237458386
test_acc = 0.7761444358886043
******************************************
******************************************
Epoch 40:
train_loss = 0.8746945609020281
train_loss_cor = 0.48623926541473295
train_loss_ref = 0.388455296619029
train_acc = 0.9385180088538158
test_loss = 1.089498230173618
test_loss_cor = 0.5530755663219886
test_loss_ref = 0.5364226555522484
test_acc = 0.774851078474069
******************************************
******************************************
Epoch 41:
train_loss = 0.873664387419254
train_loss_cor = 0.4856773641290544
train_loss_ref = 0.387987022912955
train_acc = 0.9386711958088453
test_loss = 1.0879162323625782
test_loss_cor = 0.5519315902190872
test_loss_ref = 0.5359846391255343
test_acc = 0.774664927132522
******************************************
******************************************
Epoch 42:
train_loss = 0.8724749782417394
train_loss_cor = 0.4851153206221665
train_loss_ref = 0.3873596568650837
train_acc = 0.9388108072401602
test_loss = 1.0886214141604267
test_loss_cor = 0.5524458907827546
test_loss_ref = 0.5361755263956287
test_acc = 0.7746649286415004
******************************************
******************************************
Epoch 43:
train_loss = 0.8715440751631048
train_loss_cor = 0.484613139418107
train_loss_ref = 0.3869309383857099
train_acc = 0.9389795057381256
test_loss = 1.0915797450874425
test_loss_cor = 0.5549888972994648
test_loss_ref = 0.5365908477879777
test_acc = 0.7738059193273134
******************************************
******************************************
Epoch 44:
train_loss = 0.8707211342038987
train_loss_cor = 0.48413552174085306
train_loss_ref = 0.38658561095406735
train_acc = 0.939105549945107
test_loss = 1.0851529097255272
test_loss_cor = 0.549719240092024
test_loss_ref = 0.535433673405949
test_acc = 0.7750895853284039
******************************************
******************************************
Epoch 45:
train_loss = 0.8697461116163037
train_loss_cor = 0.4835761166826079
train_loss_ref = 0.38616999493369575
train_acc = 0.939227707023862
test_loss = 1.0848077233833602
test_loss_cor = 0.5495651477499853
test_loss_ref = 0.5352425748788858
test_acc = 0.7751070389264747
******************************************
******************************************
Epoch 46:
train_loss = 0.8690929873080193
train_loss_cor = 0.4831946850577487
train_loss_ref = 0.38589830036404765
train_acc = 0.9392839458924306
test_loss = 1.0856318126750897
test_loss_cor = 0.5504285444187212
test_loss_ref = 0.5352032750467711
test_acc = 0.7752330793610102
******************************************
******************************************
Epoch 47:
train_loss = 0.8684695121608202
train_loss_cor = 0.48282454323165025
train_loss_ref = 0.38564496892917005
train_acc = 0.9393266001834145
test_loss = 1.091590015194084
test_loss_cor = 0.5544624554960034
test_loss_ref = 0.537127564979505
test_acc = 0.7739280839509601
******************************************
******************************************
Epoch 48:
train_loss = 0.8679412082780765
train_loss_cor = 0.4824563940114613
train_loss_ref = 0.3854848135121261
train_acc = 0.9393653854539122
test_loss = 1.0849968602385702
test_loss_cor = 0.5490798784207694
test_loss_ref = 0.5359169886082034
test_acc = 0.7750003888637205
******************************************
******************************************
Epoch 49:
train_loss = 0.8671298540091212
train_loss_cor = 0.48190201234213914
train_loss_ref = 0.3852278405352484
train_acc = 0.9395844996729984
test_loss = 1.093170689631112
test_loss_cor = 0.5556522939778581
test_loss_ref = 0.5375183994256998
test_acc = 0.773540268215952
******************************************
******************************************
Epoch 50:
train_loss = 0.8665159865270687
train_loss_cor = 0.48136992394169675
train_loss_ref = 0.3851460614536382
train_acc = 0.9394875417781782
test_loss = 1.0931966576395156
test_loss_cor = 0.555597194387943
test_loss_ref = 0.5375994685329969
test_acc = 0.7735363893871066
******************************************
