(20, 54) (21, 54)
4712760.0
32989320.0
******************************************
Epoch 1:
train_loss = 0.6858236563356617
train_acc = 0.5373367278636256
test_loss = 0.6472849521455886
test_acc = 0.7387534085708328
******************************************
******************************************
Epoch 2:
train_loss = 0.638826994201805
train_acc = 0.782830341707302
test_loss = 0.6318661887434465
test_acc = 0.7333938313435905
******************************************
******************************************
Epoch 3:
train_loss = 0.6087368492838703
train_acc = 0.805339026300213
test_loss = 0.6148987585985208
test_acc = 0.6993787228306637
******************************************
******************************************
Epoch 4:
train_loss = 0.5685262348078475
train_acc = 0.8724617641183394
test_loss = 0.6025520314144183
test_acc = 0.6412881620322601
******************************************
******************************************
Epoch 5:
train_loss = 0.5466545277004
train_acc = 0.8961358319354963
test_loss = 0.6013649015486995
test_acc = 0.6170730937885333
******************************************
******************************************
Epoch 6:
train_loss = 0.5386068473888349
train_acc = 0.9056062298484996
test_loss = 0.5997993817812279
test_acc = 0.6284651107425931
******************************************
******************************************
Epoch 7:
train_loss = 0.5342516212523738
train_acc = 0.9116250940516025
test_loss = 0.60311881877199
test_acc = 0.642771545844742
******************************************
******************************************
Epoch 8:
train_loss = 0.5295246801798856
train_acc = 0.9088929491707042
test_loss = 0.5934615361539624
test_acc = 0.6565660713594171
******************************************
******************************************
Epoch 9:
train_loss = 0.5249934158747709
train_acc = 0.9053405742102032
test_loss = 0.5980267645437506
test_acc = 0.6692669512350348
******************************************
******************************************
Epoch 10:
train_loss = 0.5224808597866493
train_acc = 0.8992422125007533
test_loss = 0.584233231936829
test_acc = 0.7168787989435317
******************************************
******************************************
Epoch 11:
train_loss = 0.5204860620860812
train_acc = 0.9113458666620375
test_loss = 0.5896988533720185
test_acc = 0.6915894897678231
******************************************
******************************************
Epoch 12:
train_loss = 0.5172070113918449
train_acc = 0.9304456771174564
test_loss = 0.5910781101335453
test_acc = 0.6953667960589445
******************************************
******************************************
Epoch 13:
train_loss = 0.515256764013556
train_acc = 0.9307462293890458
test_loss = 0.5848804418044754
test_acc = 0.7028108699412285
******************************************
******************************************
Epoch 14:
train_loss = 0.5135304150702078
train_acc = 0.9311127149606053
test_loss = 0.5891378974612755
test_acc = 0.7049438447891911
******************************************
******************************************
Epoch 15:
train_loss = 0.511915156358405
train_acc = 0.9305019091956223
test_loss = 0.577119828024997
test_acc = 0.7170494425145886
******************************************
******************************************
Epoch 16:
train_loss = 0.5105804340748847
train_acc = 0.9294800200039828
test_loss = 0.5761474378501312
test_acc = 0.7212649674355229
******************************************
******************************************
Epoch 17:
train_loss = 0.5091931917999364
train_acc = 0.9290340346626088
test_loss = 0.5721091303644301
test_acc = 0.7315381448480147
******************************************
******************************************
Epoch 18:
train_loss = 0.5076383269285853
train_acc = 0.9300811290740967
test_loss = 0.5666514876522596
test_acc = 0.747029349773745
******************************************
******************************************
Epoch 19:
train_loss = 0.5059934235826323
train_acc = 0.9328947180434118
test_loss = 0.5616391187981714
test_acc = 0.7610565597497965
******************************************
******************************************
Epoch 20:
train_loss = 0.5041978751556783
train_acc = 0.936819388142115
test_loss = 0.5536414452745945
test_acc = 0.7734549513346032
******************************************
******************************************
Epoch 21:
train_loss = 0.5026710003237181
train_acc = 0.9390105341054216
test_loss = 0.5514831950392904
test_acc = 0.7767048266869557
******************************************
******************************************
Epoch 22:
train_loss = 0.5006503998478756
train_acc = 0.9394410079038595
test_loss = 0.5505937126618398
test_acc = 0.7737593854529948
******************************************
******************************************
Epoch 23:
train_loss = 0.49835131704052793
train_acc = 0.940435749820516
test_loss = 0.5535859956017023
test_acc = 0.776332524758351
******************************************
******************************************
Epoch 24:
train_loss = 0.49651543928098074
train_acc = 0.9405773017979875
test_loss = 0.5469353832776034
test_acc = 0.7810774249366567
******************************************
******************************************
Epoch 25:
train_loss = 0.4942613553397263
train_acc = 0.9407498806337767
test_loss = 0.5479786916624142
test_acc = 0.7827547177483763
******************************************
******************************************
Epoch 26:
train_loss = 0.49203287046166916
train_acc = 0.9412617909757397
test_loss = 0.5423760814002797
test_acc = 0.7868131806578817
******************************************
******************************************
Epoch 27:
train_loss = 0.48972451271890083
train_acc = 0.9440365916566004
test_loss = 0.552175232126743
test_acc = 0.7811491670487802
******************************************
******************************************
Epoch 28:
train_loss = 0.48760905258263215
train_acc = 0.9486011576048935
test_loss = 0.5411675029163119
test_acc = 0.7865106901036033
******************************************
******************************************
Epoch 29:
train_loss = 0.4859362904784046
train_acc = 0.9506158466580548
test_loss = 0.5431570335279537
test_acc = 0.7882093108153041
******************************************
******************************************
Epoch 30:
train_loss = 0.4841793417176114
train_acc = 0.9518141882329048
test_loss = 0.5430850152727924
test_acc = 0.7901735826383663
******************************************
******************************************
Epoch 31:
train_loss = 0.48281757099718986
train_acc = 0.9521845548967772
test_loss = 0.5422802046884464
test_acc = 0.7919614081141315
******************************************
******************************************
Epoch 32:
train_loss = 0.48156570331959786
train_acc = 0.9524986811831028
test_loss = 0.5356850993784168
test_acc = 0.7956436932841434
******************************************
******************************************
Epoch 33:
train_loss = 0.48057013750076294
train_acc = 0.9528787385059309
test_loss = 0.5455102264126644
test_acc = 0.7941215242011638
******************************************
******************************************
Epoch 34:
train_loss = 0.47961689399767526
train_acc = 0.9531851071345655
test_loss = 0.53702043128919
test_acc = 0.7975090772290773
******************************************
******************************************
Epoch 35:
train_loss = 0.4785955812357649
train_acc = 0.9537648883046983
test_loss = 0.5385585578182076
test_acc = 0.7978173856493793
******************************************
******************************************
Epoch 36:
train_loss = 0.4777258725105962
train_acc = 0.9542108751550505
test_loss = 0.5389465961275222
test_acc = 0.7979414832742908
******************************************
******************************************
Epoch 37:
train_loss = 0.47683881279788437
train_acc = 0.9544416205792488
test_loss = 0.5382071461858629
test_acc = 0.7986085241353964
******************************************
******************************************
Epoch 38:
train_loss = 0.47610569528386565
train_acc = 0.9547169751758817
test_loss = 0.5472366387331034
test_acc = 0.7963592100747025
******************************************
******************************************
Epoch 39:
train_loss = 0.4755596443067623
train_acc = 0.9548371984988828
test_loss = 0.5456124378156059
test_acc = 0.797173616252368
******************************************
******************************************
Epoch 40:
train_loss = 0.47478487408613856
train_acc = 0.9551203001903582
test_loss = 0.5340817691404608
test_acc = 0.8002780630618711
******************************************
******************************************
Epoch 41:
train_loss = 0.474209801682943
train_acc = 0.9552967533280577
test_loss = 0.5370969877967352
test_acc = 0.7990758403947081
******************************************
******************************************
Epoch 42:
train_loss = 0.47369262462929834
train_acc = 0.9555081166798556
test_loss = 0.5364862091933624
test_acc = 0.7989556185806854
******************************************
******************************************
Epoch 43:
train_loss = 0.4731226080580603
train_acc = 0.9555565911003306
test_loss = 0.5393947430803806
test_acc = 0.7985018748271314
******************************************
******************************************
Epoch 44:
train_loss = 0.4725997828984562
train_acc = 0.9556302790400348
test_loss = 0.5373062846026843
test_acc = 0.798926531514035
******************************************
******************************************
Epoch 45:
train_loss = 0.4720574726786795
train_acc = 0.9557175364675401
test_loss = 0.5339821101743963
test_acc = 0.8000802782517445
******************************************
******************************************
Epoch 46:
train_loss = 0.47161451774307445
train_acc = 0.9554208554799044
test_loss = 0.535440856142889
test_acc = 0.7987481393391573
******************************************
******************************************
Epoch 47:
train_loss = 0.4710819008229654
train_acc = 0.9550175304654278
test_loss = 0.540494087376172
test_acc = 0.7971484087690522
******************************************
******************************************
Epoch 48:
train_loss = 0.47050077062618884
train_acc = 0.954412536530555
test_loss = 0.5444883538197868
test_acc = 0.7948370425007011
******************************************
******************************************
Epoch 49:
train_loss = 0.46993196727354314
train_acc = 0.9544338704664496
test_loss = 0.5428566728966145
test_acc = 0.7970941127101078
******************************************
******************************************
Epoch 50:
train_loss = 0.4695055488544174
train_acc = 0.9545831755746769
test_loss = 0.539948846720442
test_acc = 0.7983603198317033
******************************************
