(20, 54) (21, 54)
4712760.0
32989320.0
******************************************
Epoch 1:
train_loss = 0.6067131006034316
train_acc = 0.8194021646194397
test_loss = 0.6015888403175743
test_acc = 0.6257493431401101
******************************************
******************************************
Epoch 2:
train_loss = 0.5580979980480899
train_acc = 0.8936984835156969
test_loss = 0.5999615522706585
test_acc = 0.6238506155408872
******************************************
******************************************
Epoch 3:
train_loss = 0.5582795306375832
train_acc = 0.8933804004814974
test_loss = 0.6030606654039614
test_acc = 0.6304385988575638
******************************************
******************************************
Epoch 4:
train_loss = 0.5582535999595739
train_acc = 0.8934213811424887
test_loss = 0.6008602004901619
test_acc = 0.6259425350814868
******************************************
******************************************
Epoch 5:
train_loss = 0.5582646442826387
train_acc = 0.8935306603741494
test_loss = 0.6058463135342689
test_acc = 0.6321187706509973
******************************************
******************************************
Epoch 6:
train_loss = 0.5582462837741633
train_acc = 0.8933979625914507
test_loss = 0.6052449068446069
test_acc = 0.6316445773574197
******************************************
******************************************
Epoch 7:
train_loss = 0.5582799471108018
train_acc = 0.8935248050720069
test_loss = 0.6038427724959744
test_acc = 0.6300775883304086
******************************************
******************************************
Epoch 8:
train_loss = 0.5582673166208206
train_acc = 0.8934311380811558
test_loss = 0.6016263707428221
test_acc = 0.6275485514835187
******************************************
******************************************
Epoch 9:
train_loss = 0.5583069776273837
train_acc = 0.8935599319494454
test_loss = 0.6035243747340646
test_acc = 0.6308991343352446
******************************************
******************************************
Epoch 10:
train_loss = 0.558304591923003
train_acc = 0.8935248050720069
test_loss = 0.6044827092225384
test_acc = 0.6320329111093169
******************************************
******************************************
Epoch 11:
train_loss = 0.5582570019800952
train_acc = 0.8934584571297761
test_loss = 0.6021000078529309
test_acc = 0.6282530134650552
******************************************
******************************************
Epoch 12:
train_loss = 0.5583251597015721
train_acc = 0.8934565057420427
test_loss = 0.6025594351397958
test_acc = 0.6302922436386157
******************************************
******************************************
Epoch 13:
train_loss = 0.5583264448080852
train_acc = 0.8934545543543093
test_loss = 0.6035023498687015
test_acc = 0.6301634509092683
******************************************
******************************************
Epoch 14:
train_loss = 0.5582577221712489
train_acc = 0.893454557771136
test_loss = 0.602133827604306
test_acc = 0.6283564389131631
******************************************
******************************************
Epoch 15:
train_loss = 0.558274832880421
train_acc = 0.8934428448889665
test_loss = 0.6012762504018796
test_acc = 0.6269806889212055
******************************************
******************************************
Epoch 16:
train_loss = 0.5583618659122734
train_acc = 0.8935794454471321
test_loss = 0.6037731873002022
test_acc = 0.6303332239199596
******************************************
******************************************
Epoch 17:
train_loss = 0.558236668823631
train_acc = 0.8934662630603571
test_loss = 0.5997565252006434
test_acc = 0.6243696911319806
******************************************
******************************************
Epoch 18:
train_loss = 0.5582889781636038
train_acc = 0.8935813964552181
test_loss = 0.6007956919396759
test_acc = 0.6273163329264161
******************************************
******************************************
Epoch 19:
train_loss = 0.5582377975154075
train_acc = 0.8934038175139457
test_loss = 0.601886586019188
test_acc = 0.6273748760770081
******************************************
******************************************
Epoch 20:
train_loss = 0.5582138858023723
train_acc = 0.8935170010396629
test_loss = 0.6037677484712783
test_acc = 0.6300561223060462
******************************************
******************************************
Epoch 21:
train_loss = 0.5582974522736421
train_acc = 0.8935169995210732
test_loss = 0.6007629705082839
test_acc = 0.6256595796840206
******************************************
******************************************
Epoch 22:
train_loss = 0.5582731461069387
train_acc = 0.893423330631985
test_loss = 0.601049514333154
test_acc = 0.6261064543086252
******************************************
******************************************
Epoch 23:
train_loss = 0.5583090569562973
train_acc = 0.893470165835824
test_loss = 0.6022096705284847
test_acc = 0.6293106842192875
******************************************
******************************************
Epoch 24:
train_loss = 0.5582657919567862
train_acc = 0.8934077240858868
test_loss = 0.6028750675499059
test_acc = 0.6298551274712678
******************************************
******************************************
Epoch 25:
train_loss = 0.5583245184770815
train_acc = 0.8934623587663006
test_loss = 0.6028445651576777
test_acc = 0.6289828438667735
******************************************
******************************************
Epoch 26:
train_loss = 0.5582296404109639
train_acc = 0.8935209019168927
test_loss = 0.6013862760203659
test_acc = 0.62665675552028
******************************************
******************************************
Epoch 27:
train_loss = 0.5582944010473361
train_acc = 0.8935052911946728
test_loss = 0.6040496864136616
test_acc = 0.6313577195641341
******************************************
******************************************
Epoch 28:
train_loss = 0.5582295492955833
train_acc = 0.8934350389583855
test_loss = 0.6015639297521798
test_acc = 0.6277846724364409
******************************************
******************************************
Epoch 29:
train_loss = 0.5582563497458294
train_acc = 0.8935521260188644
test_loss = 0.6044457843349238
test_acc = 0.631215266361358
******************************************
******************************************
Epoch 30:
train_loss = 0.5582552639542112
train_acc = 0.8935482243823397
test_loss = 0.6030830319520015
test_acc = 0.6311703821656051
******************************************
