(20, 54) (21, 54)
4712760.0
32989320.0
******************************************
Epoch 1:
train_loss = 0.6625022125092281
train_acc = 0.6593390953768591
test_loss = 0.6320828339856142
test_acc = 0.73352808443604
******************************************
******************************************
Epoch 2:
train_loss = 0.5892803513320388
train_acc = 0.8377591481634007
test_loss = 0.603057121015658
test_acc = 0.6445395437775144
******************************************
******************************************
Epoch 3:
train_loss = 0.5432753118739766
train_acc = 0.8997205556577937
test_loss = 0.6015720898938027
test_acc = 0.6157171073233246
******************************************
******************************************
Epoch 4:
train_loss = 0.532235764773788
train_acc = 0.9099069564205826
test_loss = 0.5979073320984081
test_acc = 0.6441999981357793
******************************************
******************************************
Epoch 5:
train_loss = 0.5241486866762683
train_acc = 0.9023413107653332
test_loss = 0.5888148485475285
test_acc = 0.6958618247584932
******************************************
******************************************
Epoch 6:
train_loss = 0.5196794578983526
train_acc = 0.9154841102612247
test_loss = 0.5882413079784174
test_acc = 0.6883878947063616
******************************************
******************************************
Epoch 7:
train_loss = 0.5150622273706327
train_acc = 0.9307071167951936
test_loss = 0.5979164956481593
test_acc = 0.6962286883099064
******************************************
******************************************
Epoch 8:
train_loss = 0.512117145927089
train_acc = 0.9297236033306
test_loss = 0.5856760364429207
test_acc = 0.7062726362495665
******************************************
******************************************
Epoch 9:
train_loss = 0.5095531841751876
train_acc = 0.9285020152474665
test_loss = 0.5758651259598458
test_acc = 0.7289481068113047
******************************************
******************************************
Epoch 10:
train_loss = 0.5067392591458217
train_acc = 0.9307402881087771
test_loss = 0.5671290561651728
test_acc = 0.7567655660544231
******************************************
******************************************
Epoch 11:
train_loss = 0.5035598982291617
train_acc = 0.9367467525658334
test_loss = 0.5519710076842338
test_acc = 0.7751303561933481
******************************************
******************************************
Epoch 12:
train_loss = 0.5003508843813732
train_acc = 0.9395724033853811
test_loss = 0.5548362071347085
test_acc = 0.7747010432990493
******************************************
******************************************
Epoch 13:
train_loss = 0.49655033657505254
train_acc = 0.9405929958744413
test_loss = 0.5509778955939469
test_acc = 0.7796537401569876
******************************************
******************************************
Epoch 14:
train_loss = 0.4925852000333701
train_acc = 0.9411628105837828
test_loss = 0.5448201970689616
test_acc = 0.7849635497020309
******************************************
******************************************
Epoch 15:
train_loss = 0.4888275140410016
train_acc = 0.9458286481298459
test_loss = 0.545006223544953
test_acc = 0.786352953713411
******************************************
******************************************
Epoch 16:
train_loss = 0.4856077400362416
train_acc = 0.9501217687205904
test_loss = 0.5401618290858664
test_acc = 0.791873515411547
******************************************
******************************************
Epoch 17:
train_loss = 0.4830311413403529
train_acc = 0.9514506838883564
test_loss = 0.5401176252182881
test_acc = 0.7949801766948336
******************************************
******************************************
Epoch 18:
train_loss = 0.4809015884900549
train_acc = 0.951973667190333
test_loss = 0.5420110058632626
test_acc = 0.7974389586479042
******************************************
******************************************
Epoch 19:
train_loss = 0.4791032011341897
train_acc = 0.9524946956877496
test_loss = 0.5344877398697434
test_acc = 0.8011876356070209
******************************************
******************************************
Epoch 20:
train_loss = 0.4775873449198
train_acc = 0.9534743029600495
test_loss = 0.53850887383625
test_acc = 0.80040902013232
******************************************
******************************************
Epoch 21:
train_loss = 0.4762164399882031
train_acc = 0.954116319774822
test_loss = 0.5411483360703584
test_acc = 0.8003856012016345
******************************************
******************************************
Epoch 22:
train_loss = 0.475041543032713
train_acc = 0.9547349195571462
test_loss = 0.5314465077819338
test_acc = 0.8034259092276264
******************************************
******************************************
Epoch 23:
train_loss = 0.4740694419593568
train_acc = 0.9551017842475017
test_loss = 0.5407133220107692
test_acc = 0.800719292300522
******************************************
******************************************
Epoch 24:
train_loss = 0.47310539491617
train_acc = 0.9552930225232604
test_loss = 0.5377936682124047
test_acc = 0.802458002309131
******************************************
******************************************
Epoch 25:
train_loss = 0.47222519110722144
train_acc = 0.9555915913004784
test_loss = 0.541364099189734
test_acc = 0.8016306032800371
******************************************
******************************************
Epoch 26:
train_loss = 0.4714538360097606
train_acc = 0.9555662236395915
test_loss = 0.5378121991825712
test_acc = 0.8010276161181699
******************************************
******************************************
Epoch 27:
train_loss = 0.4706607280643123
train_acc = 0.955531096762153
test_loss = 0.5443638559359654
test_acc = 0.7996440624735158
******************************************
******************************************
Epoch 28:
train_loss = 0.46985881837310306
train_acc = 0.9553418102537751
test_loss = 0.5372727395622594
test_acc = 0.8004090167154931
******************************************
******************************************
Epoch 29:
train_loss = 0.46907681758236736
train_acc = 0.9550451928642905
test_loss = 0.5432428478435346
test_acc = 0.8000811816780431
******************************************
******************************************
Epoch 30:
train_loss = 0.46822031060601493
train_acc = 0.9549515251141445
test_loss = 0.5421223925177459
test_acc = 0.799825546088492
******************************************
******************************************
Epoch 31:
train_loss = 0.4675659227902722
train_acc = 0.955257900201591
test_loss = 0.5462247315485766
test_acc = 0.798369785023343
******************************************
******************************************
Epoch 32:
train_loss = 0.4665462505665554
train_acc = 0.9559369903461189
test_loss = 0.5338479094444566
test_acc = 0.8011583609945455
******************************************
******************************************
Epoch 33:
train_loss = 0.46562170659660534
train_acc = 0.9565536425371838
test_loss = 0.5482970609027109
test_acc = 0.798223429804395
******************************************
******************************************
Epoch 34:
train_loss = 0.46495965901453784
train_acc = 0.9565555882302059
test_loss = 0.5459918311447095
test_acc = 0.7972574780701073
******************************************
******************************************
Epoch 35:
train_loss = 0.4643824704133781
train_acc = 0.956688289050084
test_loss = 0.5451506148478028
test_acc = 0.7964710570444726
******************************************
******************************************
Epoch 36:
train_loss = 0.4639355802232293
train_acc = 0.9566375487928938
test_loss = 0.5512274067113354
test_acc = 0.7965705781985241
******************************************
******************************************
Epoch 37:
train_loss = 0.4634207120746564
train_acc = 0.9566629191113126
test_loss = 0.5528391827443603
test_acc = 0.7952767914267862
******************************************
******************************************
Epoch 38:
train_loss = 0.46309533069847497
train_acc = 0.9566590163358457
test_loss = 0.5522904992103577
test_acc = 0.7939615317970324
******************************************
******************************************
Epoch 39:
train_loss = 0.4627839032631771
train_acc = 0.9566941439725791
test_loss = 0.5545675507776296
test_acc = 0.7943635260223583
******************************************
******************************************
Epoch 40:
train_loss = 0.4624221062963935
train_acc = 0.9567214615026097
test_loss = 0.5457637389754034
test_acc = 0.7951460431335838
******************************************
******************************************
Epoch 41:
train_loss = 0.46223686739897274
train_acc = 0.9568873321174816
test_loss = 0.5526018909587982
test_acc = 0.7928648370846062
******************************************
******************************************
Epoch 42:
train_loss = 0.4619228724081805
train_acc = 0.9569185535619213
test_loss = 0.5477301250597474
test_acc = 0.792749705208335
******************************************
******************************************
Epoch 43:
train_loss = 0.4617683830534577
train_acc = 0.9570805217809738
test_loss = 0.556049780860828
test_acc = 0.7917603372008937
******************************************
******************************************
Epoch 44:
train_loss = 0.46156775533773337
train_acc = 0.9571449179558238
test_loss = 0.5497487502492917
test_acc = 0.7932785381177428
******************************************
******************************************
Epoch 45:
train_loss = 0.46139710534150435
train_acc = 0.957215170951406
test_loss = 0.5503663052419189
test_acc = 0.792119395960668
******************************************
******************************************
Epoch 46:
train_loss = 0.46130807859123135
train_acc = 0.9575488628095882
test_loss = 0.5451913119121722
test_acc = 0.7936902862445564
******************************************
******************************************
Epoch 47:
train_loss = 0.4610911247077262
train_acc = 0.9576113083559996
test_loss = 0.5545437468844614
test_acc = 0.7917291119599797
******************************************
******************************************
Epoch 48:
train_loss = 0.46090628083344476
train_acc = 0.9576932670204503
test_loss = 0.5595394805738121
test_acc = 0.7905582595782675
******************************************
******************************************
Epoch 49:
train_loss = 0.46081249805013086
train_acc = 0.9577732765750521
test_loss = 0.5527991861294789
test_acc = 0.7931575494207395
******************************************
******************************************
Epoch 50:
train_loss = 0.4606570749525811
train_acc = 0.9578786526515985
test_loss = 0.5562929021325081
test_acc = 0.7914149343587791
******************************************
