(20, 54) (21, 54)
4712760.0
32989320.0
******************************************
Epoch 1:
train_loss = 1.3293839419723317
train_loss_cor = 0.6679496389285774
train_loss_ref = 0.6614342981083378
train_acc = 0.6272694986716957
test_loss = 1.1950656266728783
test_loss_cor = 0.6329363034029675
test_loss_ref = 0.5621293209920264
test_acc = 0.732813867793721
******************************************
******************************************
Epoch 2:
train_loss = 1.0557502033604178
train_loss_cor = 0.5866748390683703
train_loss_ref = 0.46907536334292904
train_acc = 0.8411507116761178
test_loss = 1.2179064462139348
test_loss_cor = 0.6043085406540306
test_loss_ref = 0.6135979032820198
test_acc = 0.6362284551000899
******************************************
******************************************
Epoch 3:
train_loss = 0.96934755174977
train_loss_cor = 0.5393719342863483
train_loss_ref = 0.42997561689395053
train_acc = 0.9011177724334085
test_loss = 1.2376348972320557
test_loss_cor = 0.5998895099967908
test_loss_ref = 0.6377453925503287
test_acc = 0.6118747667901835
******************************************
******************************************
Epoch 4:
train_loss = 0.957971765357218
train_loss_cor = 0.529203270650973
train_loss_ref = 0.42876849375712645
train_acc = 0.9012758367380519
test_loss = 1.2350931372612146
test_loss_cor = 0.6000587461860316
test_loss_ref = 0.6350343880380035
test_acc = 0.6299624549355477
******************************************
******************************************
Epoch 5:
train_loss = 0.958841818533126
train_loss_cor = 0.5254148468849765
train_loss_ref = 0.433426972597268
train_acc = 0.8893077931586345
test_loss = 1.2128070911784081
test_loss_cor = 0.5941320638747731
test_loss_ref = 0.6186750254053979
test_acc = 0.649062929639391
******************************************
******************************************
Epoch 6:
train_loss = 0.957535492766435
train_loss_cor = 0.5232324182607566
train_loss_ref = 0.43430307507514954
train_acc = 0.886345540641979
test_loss = 1.1997126401609677
test_loss_cor = 0.5942961512857182
test_loss_ref = 0.605416493051371
test_acc = 0.6681224236822432
******************************************
******************************************
Epoch 7:
train_loss = 0.9488602747583086
train_loss_cor = 0.5204654894057353
train_loss_ref = 0.4283947857322207
train_acc = 0.8917431641536154
test_loss = 1.2256066616933057
test_loss_cor = 0.6004703914283946
test_loss_ref = 0.6251362740613853
test_acc = 0.6459523678585223
******************************************
******************************************
Epoch 8:
train_loss = 0.9341402839703165
train_loss_cor = 0.5164221817520773
train_loss_ref = 0.41771810145894434
train_acc = 0.9047298431396484
test_loss = 1.195539725813896
test_loss_cor = 0.5906072289321074
test_loss_ref = 0.6049324927056671
test_acc = 0.6778560945182849
******************************************
******************************************
Epoch 9:
train_loss = 0.9265154770984771
train_loss_cor = 0.5135138106953566
train_loss_ref = 0.41300166602347305
train_acc = 0.910184058034496
test_loss = 1.1560848503355767
test_loss_cor = 0.573235971153162
test_loss_ref = 0.5828488841178311
test_acc = 0.7097676259696863
******************************************
******************************************
Epoch 10:
train_loss = 0.9178163724340451
train_loss_cor = 0.5104445188668123
train_loss_ref = 0.4073718545163513
train_acc = 0.9177828784201555
test_loss = 1.1272907743028775
test_loss_cor = 0.5650435367207618
test_loss_ref = 0.5622472444157691
test_acc = 0.7408166307552605
******************************************
******************************************
Epoch 11:
train_loss = 0.9095190854588892
train_loss_cor = 0.5074504473406798
train_loss_ref = 0.40206863773856194
train_acc = 0.9239317953206931
test_loss = 1.105991090179249
test_loss_cor = 0.5618708608256784
test_loss_ref = 0.5441202335296922
test_acc = 0.7652054459426054
******************************************
******************************************
Epoch 12:
train_loss = 0.9025993707833017
train_loss_cor = 0.5047718417492641
train_loss_ref = 0.39782753055262715
train_acc = 0.9284259080886841
test_loss = 1.0973573702915458
test_loss_cor = 0.5604478982603474
test_loss_ref = 0.5369094750683778
test_acc = 0.7737253338667998
******************************************
******************************************
Epoch 13:
train_loss = 0.8980269595316261
train_loss_cor = 0.5027021942244974
train_loss_ref = 0.3953247670155422
train_acc = 0.9312183887335905
test_loss = 1.0699207623293445
test_loss_cor = 0.5450605746287449
test_loss_ref = 0.5248601846634202
test_acc = 0.7889639537805205
******************************************
******************************************
Epoch 14:
train_loss = 0.8944191029117365
train_loss_cor = 0.5010177868946343
train_loss_ref = 0.3934013143086889
train_acc = 0.9329161233962722
test_loss = 1.0727845612604907
test_loss_cor = 0.5474548210763628
test_loss_ref = 0.5253297344894167
test_acc = 0.7887122186885518
******************************************
******************************************
Epoch 15:
train_loss = 0.8913964002755037
train_loss_cor = 0.4993831815233656
train_loss_ref = 0.39201321818266704
train_acc = 0.9334078784201555
test_loss = 1.0624969400418032
test_loss_cor = 0.5406913483978077
test_loss_ref = 0.5218055941117038
test_acc = 0.7943498655489296
******************************************
******************************************
Epoch 16:
train_loss = 0.8876876018609211
train_loss_cor = 0.4972646504071108
train_loss_ref = 0.3904229512639866
train_acc = 0.9329688108650742
test_loss = 1.0704033534238293
test_loss_cor = 0.5467231136978052
test_loss_ref = 0.5236802374481395
test_acc = 0.7910090400155183
******************************************
******************************************
Epoch 17:
train_loss = 0.8842160333493713
train_loss_cor = 0.49520916050406777
train_loss_ref = 0.3890068715165375
train_acc = 0.9332595714338267
test_loss = 1.074706684252259
test_loss_cor = 0.5482344517282619
test_loss_ref = 0.5264722325239971
test_acc = 0.7885873287346712
******************************************
******************************************
Epoch 18:
train_loss = 0.8811722762265782
train_loss_cor = 0.49339941143989563
train_loss_ref = 0.38777286136985584
train_acc = 0.9340498944756331
test_loss = 1.073191939645512
test_loss_cor = 0.5466266593356042
test_loss_ref = 0.5265652791709657
test_acc = 0.7888839461241558
******************************************
******************************************
Epoch 19:
train_loss = 0.8787385046861733
train_loss_cor = 0.4917503790870594
train_loss_ref = 0.3869881271177037
train_acc = 0.9345787262460988
test_loss = 1.0736307786528472
test_loss_cor = 0.5467026624709937
test_loss_ref = 0.5269281169411483
test_acc = 0.7886185513180533
******************************************
******************************************
Epoch 20:
train_loss = 0.8768563650216267
train_loss_cor = 0.49044874424387697
train_loss_ref = 0.38640762001845486
train_acc = 0.935023652140502
test_loss = 1.087094479305729
test_loss_cor = 0.5572511724605682
test_loss_ref = 0.529843310641635
test_acc = 0.7840014988449728
******************************************
******************************************
Epoch 21:
train_loss = 0.8750350760046843
train_loss_cor = 0.48925804503404413
train_loss_ref = 0.38577703078081654
train_acc = 0.9355329707929283
test_loss = 1.0804622689629817
test_loss_cor = 0.551142785959183
test_loss_ref = 0.5293194890781573
test_acc = 0.7852230861688115
******************************************
******************************************
Epoch 22:
train_loss = 0.8738520153009208
train_loss_cor = 0.48844172772328565
train_loss_ref = 0.3854102862488692
train_acc = 0.9355680953924823
test_loss = 1.0776820653563093
test_loss_cor = 0.5488917326471608
test_loss_ref = 0.5287903330887959
test_acc = 0.7866554267846855
******************************************
******************************************
Epoch 23:
train_loss = 0.8728136594887752
train_loss_cor = 0.48792108020205405
train_loss_ref = 0.3848925792867211
train_acc = 0.9356383499066541
test_loss = 1.0803045839261098
test_loss_cor = 0.5505275597238237
test_loss_ref = 0.5297770238226387
test_acc = 0.7843039673604782
******************************************
******************************************
Epoch 24:
train_loss = 0.8717806456954615
train_loss_cor = 0.4873655624450392
train_loss_ref = 0.3844150836300698
train_acc = 0.9357554335503062
test_loss = 1.087264506680191
test_loss_cor = 0.5548884633240426
test_loss_ref = 0.5323760414579112
test_acc = 0.7824208482055907
******************************************
******************************************
Epoch 25:
train_loss = 0.8708103329512724
train_loss_cor = 0.48696922686449284
train_loss_ref = 0.38384110437836616
train_acc = 0.9360774189803251
test_loss = 1.0863879926645073
test_loss_cor = 0.5537544728084735
test_loss_ref = 0.5326335175781493
test_acc = 0.7827272248116268
******************************************
******************************************
Epoch 26:
train_loss = 0.8696499334019461
train_loss_cor = 0.4865349284402884
train_loss_ref = 0.38311500477183397
train_acc = 0.9371253282401213
test_loss = 1.0873207461302448
test_loss_cor = 0.5539094577929017
test_loss_ref = 0.5334112902355802
test_acc = 0.7810529068017461
******************************************
******************************************
Epoch 27:
train_loss = 0.8685701823538277
train_loss_cor = 0.4861208223233557
train_loss_ref = 0.3824493596508245
train_acc = 0.9382942258172734
test_loss = 1.0920417847906707
test_loss_cor = 0.5588746283464371
test_loss_ref = 0.5331671530274069
test_acc = 0.7813944053498043
******************************************
******************************************
Epoch 28:
train_loss = 0.8672591307360655
train_loss_cor = 0.4855396943107532
train_loss_ref = 0.3817194364253123
train_acc = 0.9400544060263664
test_loss = 1.0915663151224708
test_loss_cor = 0.5581909771178178
test_loss_ref = 0.5333753323099416
test_acc = 0.7808031265143376
******************************************
******************************************
Epoch 29:
train_loss = 0.8662704578630483
train_loss_cor = 0.48496385953228943
train_loss_ref = 0.381306595673227
train_acc = 0.9412076932609461
test_loss = 1.0886906856184553
test_loss_cor = 0.554786205291748
test_loss_ref = 0.533904479187765
test_acc = 0.7811856049640923
******************************************
******************************************
Epoch 30:
train_loss = 0.8654094076460335
train_loss_cor = 0.48446767592126394
train_loss_ref = 0.3809417317247695
train_acc = 0.9418379983324914
test_loss = 1.0897061027539003
test_loss_cor = 0.5553814939632538
test_loss_ref = 0.5343246118278261
test_acc = 0.7817261454406058
******************************************
******************************************
Epoch 31:
train_loss = 0.8647196247319507
train_loss_cor = 0.48386299116596293
train_loss_ref = 0.38085663318634033
train_acc = 0.9421775458724635
test_loss = 1.0877003912713117
test_loss_cor = 0.5540331017439533
test_loss_ref = 0.5336672910459482
test_acc = 0.779977672418971
******************************************
******************************************
Epoch 32:
train_loss = 0.8641081839610057
train_loss_cor = 0.483229938396223
train_loss_ref = 0.38087824556478267
train_acc = 0.942169739562235
test_loss = 1.0935992336576912
test_loss_cor = 0.5583806166982954
test_loss_ref = 0.5352186165797482
test_acc = 0.7783540992220496
******************************************
******************************************
Epoch 33:
train_loss = 0.8634165552011721
train_loss_cor = 0.48256699503607053
train_loss_ref = 0.38084956073457266
train_acc = 0.9421229062566332
test_loss = 1.0959815143779585
test_loss_cor = 0.5601471639742517
test_loss_ref = 0.5358343504037067
test_acc = 0.7767695446682584
******************************************
******************************************
Epoch 34:
train_loss = 0.8626443971494201
train_loss_cor = 0.48185960844064213
train_loss_ref = 0.3807847875698357
train_acc = 0.9419511810989137
test_loss = 1.098472570917409
test_loss_cor = 0.5626258102192241
test_loss_ref = 0.535846758040653
test_acc = 0.7772749609248654
******************************************
******************************************
Epoch 35:
train_loss = 0.8621251864038455
train_loss_cor = 0.4813979452203034
train_loss_ref = 0.3807272404242473
train_acc = 0.9419043466543696
test_loss = 1.0949973407065032
test_loss_cor = 0.557372918174525
test_loss_ref = 0.5376244160779722
test_acc = 0.7752571979146095
******************************************
******************************************
Epoch 36:
train_loss = 0.861701816510243
train_loss_cor = 0.48095891544014024
train_loss_ref = 0.3807429001209842
train_acc = 0.9416350502117424
test_loss = 1.0960771612300995
test_loss_cor = 0.5581874794261471
test_loss_ref = 0.5378896814243049
test_acc = 0.7754445326556066
******************************************
******************************************
Epoch 37:
train_loss = 0.8611826695454349
train_loss_cor = 0.48058685926115435
train_loss_ref = 0.38059580762674855
train_acc = 0.9415140645519183
test_loss = 1.0975285388861493
test_loss_cor = 0.5597230066919023
test_loss_ref = 0.5378055310553047
test_acc = 0.7752532943798478
******************************************
******************************************
Epoch 38:
train_loss = 0.8606964520588043
train_loss_cor = 0.4802013576790026
train_loss_ref = 0.38049509437980167
train_acc = 0.9413696603410563
test_loss = 1.1008589913131326
test_loss_cor = 0.561595494580117
test_loss_ref = 0.5392634974923104
test_acc = 0.7736453250714928
******************************************
******************************************
Epoch 39:
train_loss = 0.860359507001889
train_loss_cor = 0.479957746662152
train_loss_ref = 0.3804017599600895
train_acc = 0.9410886563313235
test_loss = 1.1033632474340451
test_loss_cor = 0.5638324606950116
test_loss_ref = 0.5395307833222067
test_acc = 0.7731203945579043
******************************************
******************************************
Epoch 40:
train_loss = 0.8597679764601835
train_loss_cor = 0.47962555839757254
train_loss_ref = 0.3801424190117295
train_acc = 0.9410984125106957
test_loss = 1.1006638563362656
test_loss_cor = 0.5618153111949847
test_loss_ref = 0.5388485451412809
test_acc = 0.7747869054982617
******************************************
******************************************
Epoch 41:
train_loss = 0.8595375912204669
train_loss_cor = 0.4794134913356441
train_loss_ref = 0.3801241006441177
train_acc = 0.9411276863638762
test_loss = 1.1047766573110205
test_loss_cor = 0.5640923582064877
test_loss_ref = 0.5406843036603016
test_acc = 0.7744141828482318
******************************************
******************************************
Epoch 42:
train_loss = 0.8587345420175297
train_loss_cor = 0.47898369040458827
train_loss_ref = 0.3797508500943518
train_acc = 0.941254526566548
test_loss = 1.1083306263966166
test_loss_cor = 0.5665810191707247
test_loss_ref = 0.5417496106427186
test_acc = 0.7712548405501494
******************************************
******************************************
Epoch 43:
train_loss = 0.857428456567655
train_loss_cor = 0.47858537363398607
train_loss_ref = 0.37884308350314
train_acc = 0.9418028710754054
test_loss = 1.0996399700261985
test_loss_cor = 0.5604509411344103
test_loss_ref = 0.5391890315493201
test_acc = 0.7759440966472504
******************************************
******************************************
Epoch 44:
train_loss = 0.8559241982022668
train_loss_cor = 0.4779309693035806
train_loss_ref = 0.37799323003762847
train_acc = 0.94241171429871
test_loss = 1.1002355039499367
test_loss_cor = 0.5604238961912265
test_loss_ref = 0.5398116100365948
test_acc = 0.7746132285731613
******************************************
******************************************
Epoch 45:
train_loss = 0.855182212629136
train_loss_cor = 0.4774767173703309
train_loss_ref = 0.37770549355039174
train_acc = 0.9429483580741154
test_loss = 1.1004993095519437
test_loss_cor = 0.5588490651671294
test_loss_ref = 0.541650247801641
test_acc = 0.7730072114118345
******************************************
******************************************
Epoch 46:
train_loss = 0.8544019403730988
train_loss_cor = 0.4769959914836155
train_loss_ref = 0.3774059509775441
train_acc = 0.9433171737725567
test_loss = 1.1019684615408538
test_loss_cor = 0.5615587887490631
test_loss_ref = 0.5404096735510856
test_acc = 0.7743380783469813
******************************************
******************************************
Epoch 47:
train_loss = 0.8541181691133293
train_loss_cor = 0.4766712069131766
train_loss_ref = 0.3774469631492712
train_acc = 0.9433815714659964
test_loss = 1.1014547515067326
test_loss_cor = 0.5601766511892817
test_loss_ref = 0.5412781010767457
test_acc = 0.7736570375740148
******************************************
******************************************
Epoch 48:
train_loss = 0.8535755352609476
train_loss_cor = 0.4762972644559897
train_loss_ref = 0.37727827251337137
train_acc = 0.9435689046884038
test_loss = 1.102006558400051
test_loss_cor = 0.5621965265577766
test_loss_ref = 0.5398100310829794
test_acc = 0.7730442896770064
******************************************
******************************************
Epoch 49:
train_loss = 0.8524360573215849
train_loss_cor = 0.47570579389857637
train_loss_ref = 0.37673026608054044
train_acc = 0.9441445754591826
test_loss = 1.1042959652129252
test_loss_cor = 0.5636650578231569
test_loss_ref = 0.5406309066304735
test_acc = 0.7751849939109413
******************************************
******************************************
Epoch 50:
train_loss = 0.8516114995737744
train_loss_cor = 0.4752771964498386
train_loss_ref = 0.3763343019849935
train_acc = 0.9444529026936573
test_loss = 1.1002475767378594
test_loss_cor = 0.5614953208121525
test_loss_ref = 0.5387522589628864
test_acc = 0.7748981353583609
******************************************
