(20, 54) (21, 54)
4712760.0
32989320.0
******************************************
Epoch 1:
train_loss = 0.5790726694331807
train_acc = 0.843340203830391
test_loss = 0.6400210223380168
test_acc = 0.5658661954721828
******************************************
******************************************
Epoch 2:
train_loss = 0.5170180167362188
train_acc = 0.8991214724103357
test_loss = 0.6829390286639997
test_acc = 0.5718043590806852
******************************************
******************************************
Epoch 3:
train_loss = 0.5034797184026925
train_acc = 0.9225716568102502
test_loss = 0.6705974450536595
test_acc = 0.5766555811189542
******************************************
******************************************
Epoch 4:
train_loss = 0.4990389850109246
train_acc = 0.9272355414499902
test_loss = 0.6855131736986196
test_acc = 0.578653834807645
******************************************
******************************************
Epoch 5:
train_loss = 0.4961254137336828
train_acc = 0.9249504322458983
test_loss = 0.702996135137643
test_acc = 0.5673082926470763
******************************************
******************************************
Epoch 6:
train_loss = 0.49244820843836307
train_acc = 0.9262344654957959
test_loss = 0.6056756324069515
test_acc = 0.6965838496092778
******************************************
******************************************
Epoch 7:
train_loss = 0.48645782850350544
train_acc = 0.9360988819675081
test_loss = 0.5902460392113704
test_acc = 0.7249457509654342
******************************************
******************************************
Epoch 8:
train_loss = 0.4852504398033118
train_acc = 0.9355017470706041
test_loss = 0.5791128034804277
test_acc = 0.7302516565960684
******************************************
******************************************
Epoch 9:
train_loss = 0.48337989419129246
train_acc = 0.9362023077952634
test_loss = 0.571833387681633
test_acc = 0.7456307764265947
******************************************
******************************************
Epoch 10:
train_loss = 0.4813529078368169
train_acc = 0.9361066867591469
test_loss = 0.5782307648355034
test_acc = 0.7461576594668589
******************************************
******************************************
Epoch 11:
train_loss = 0.4815877453916392
train_acc = 0.9367857788019119
test_loss = 0.5696471094325849
test_acc = 0.7438666938216822
******************************************
******************************************
Epoch 12:
train_loss = 0.47975004345748073
train_acc = 0.9374726786734952
test_loss = 0.5732506054222204
test_acc = 0.7424382574998649
******************************************
******************************************
Epoch 13:
train_loss = 0.4792279904815042
train_acc = 0.9374980508901511
test_loss = 0.572549058753214
test_acc = 0.7434920213025087
******************************************
******************************************
Epoch 14:
train_loss = 0.47882496114749057
train_acc = 0.9376912416925856
test_loss = 0.5840498527903466
test_acc = 0.7364337451898368
******************************************
******************************************
Epoch 15:
train_loss = 0.47813681261554647
train_acc = 0.9381537243818782
test_loss = 0.5795025635676779
test_acc = 0.7358014879712633
******************************************
******************************************
Epoch 16:
train_loss = 0.4779540681914919
train_acc = 0.9388289128898815
test_loss = 0.5891624875129409
test_acc = 0.7189373362595868
******************************************
******************************************
Epoch 17:
train_loss = 0.4780888322052682
train_acc = 0.9388991647465214
test_loss = 0.5763091319685529
test_acc = 0.7356726937233262
******************************************
******************************************
Epoch 18:
train_loss = 0.47695815582184276
train_acc = 0.9394806900601478
test_loss = 0.5857986132050775
test_acc = 0.734406222583382
******************************************
******************************************
Epoch 19:
train_loss = 0.47680676780688536
train_acc = 0.9397753526450722
test_loss = 0.5874012051873906
test_acc = 0.734031549684561
******************************************
******************************************
Epoch 20:
train_loss = 0.4763354129472356
train_acc = 0.9401636882952065
test_loss = 0.5848761417303875
test_acc = 0.7362405555263446
******************************************
******************************************
Epoch 21:
train_loss = 0.47697592256175486
train_acc = 0.9399373197251824
test_loss = 0.5900224648463498
test_acc = 0.7353955932483551
******************************************
******************************************
Epoch 22:
train_loss = 0.4759880879502388
train_acc = 0.9401227015598564
test_loss = 0.5814911624428573
test_acc = 0.7456073582552041
******************************************
******************************************
Epoch 23:
train_loss = 0.4754611208180713
train_acc = 0.9399197587541713
test_loss = 0.577226895815248
test_acc = 0.7463567044324936
******************************************
******************************************
Epoch 24:
train_loss = 0.4760375150070069
train_acc = 0.939080648741145
test_loss = 0.5825165084972503
test_acc = 0.7436754555459235
******************************************
******************************************
Epoch 25:
train_loss = 0.47534309261164087
train_acc = 0.9388991655058162
test_loss = 0.5975733046319075
test_acc = 0.7441984361903683
******************************************
******************************************
Epoch 26:
train_loss = 0.4750894570046929
train_acc = 0.9389791746807706
test_loss = 0.5855026545038648
test_acc = 0.748751092868246
******************************************
******************************************
Epoch 27:
train_loss = 0.475206868663715
train_acc = 0.9388757518901947
test_loss = 0.5896551199020095
test_acc = 0.7461147296960187
******************************************
******************************************
Epoch 28:
train_loss = 0.47452154755592346
train_acc = 0.9396328998219435
test_loss = 0.5773933620969202
test_acc = 0.7502029462225118
******************************************
******************************************
Epoch 29:
train_loss = 0.4745202905433193
train_acc = 0.9398670693871322
test_loss = 0.5944034400259613
test_acc = 0.748399839279758
******************************************
******************************************
Epoch 30:
train_loss = 0.47452918644164016
train_acc = 0.9398299918812552
test_loss = 0.580621647227342
test_acc = 0.7532217912613206
******************************************
